<?xml version="1.0" encoding="UTF-8"?>
<testng-results ignored="0" total="3" passed="3" failed="0" skipped="0">
  <reporter-output>
  </reporter-output>
  <suite started-at="2023-02-23T06:50:13Z" name="Suite" finished-at="2023-02-23T06:51:17Z" duration-ms="64812">
    <groups>
    </groups>
    <test started-at="2023-02-23T06:50:13Z" name="Test" finished-at="2023-02-23T06:51:17Z" duration-ms="64812">
      <class name="docker.ChromeTest1">
        <test-method signature="test()[pri:0, instance:docker.ChromeTest1@39d9314d]" started-at="2023-02-23T06:50:38Z" name="test" finished-at="2023-02-23T06:50:52Z" duration-ms="14746" status="PASS">
          <reporter-output>
          </reporter-output>
        </test-method> <!-- test -->
      </class> <!-- docker.ChromeTest1 -->
      <class name="docker.Setup_DockerGrid">
        <test-method is-config="true" signature="startDockerGrid()[pri:0, instance:docker.Setup_DockerGrid@727eb8cb]" started-at="2023-02-23T06:50:13Z" name="startDockerGrid" finished-at="2023-02-23T06:50:38Z" duration-ms="25015" status="PASS">
          <reporter-output>
          </reporter-output>
        </test-method> <!-- startDockerGrid -->
        <test-method is-config="true" signature="stopDockerGrid()[pri:0, instance:docker.Setup_DockerGrid@727eb8cb]" started-at="2023-02-23T06:50:52Z" name="stopDockerGrid" finished-at="2023-02-23T06:51:17Z" duration-ms="25024" status="PASS">
          <reporter-output>
          </reporter-output>
        </test-method> <!-- stopDockerGrid -->
      </class> <!-- docker.Setup_DockerGrid -->
      <class name="docker.ChromeTest3">
        <test-method signature="test()[pri:0, instance:docker.ChromeTest3@b978d10]" started-at="2023-02-23T06:50:38Z" name="test" finished-at="2023-02-23T06:50:52Z" duration-ms="13907" status="PASS">
          <reporter-output>
          </reporter-output>
        </test-method> <!-- test -->
      </class> <!-- docker.ChromeTest3 -->
      <class name="docker.ChromeTest2">
        <test-method signature="test()[pri:0, instance:docker.ChromeTest2@5b7a8434]" started-at="2023-02-23T06:50:38Z" name="test" finished-at="2023-02-23T06:50:44Z" duration-ms="6798" status="PASS">
          <reporter-output>
          </reporter-output>
        </test-method> <!-- test -->
      </class> <!-- docker.ChromeTest2 -->
    </test> <!-- Test -->
  </suite> <!-- Suite -->
</testng-results>
