<?xml version="1.0" encoding="UTF-8"?>
<testsuite xmlns:xsi="http://www.w3.org/2001/XMLSchema-instance" xsi:noNamespaceSchemaLocation="https://maven.apache.org/surefire/maven-surefire-plugin/xsd/surefire-test-report-3.0.xsd" version="3.0" name="TestSuite" time="65.464" tests="3" errors="0" skipped="0" failures="0">
  <properties>
[...]
</properties>
  <testcase name="test" classname="docker.ChromeTest2" time="6.799"/>
  <testcase name="test" classname="docker.ChromeTest3" time="13.907"/>
  <testcase name="test" classname="docker.ChromeTest1" time="14.745"/>
</testsuite>