<?xml version="1.0" encoding="UTF-8"?>
<testng-results ignored="0" total="2" passed="2" failed="0" skipped="0">
  <reporter-output>
  </reporter-output>
  <suite started-at="2023-02-23T05:27:59 IST" name="Default suite" finished-at="2023-02-23T05:28:19 IST" duration-ms="20125">
    <groups>
    </groups>
    <test started-at="2023-02-23T05:27:59 IST" name="Default test" finished-at="2023-02-23T05:28:19 IST" duration-ms="20125">
      <class name="docker.Setup_DockerGrid">
        <test-method signature="startDockerGrid()[pri:1, instance:docker.Setup_DockerGrid@2abf4075]" started-at="2023-02-23T05:27:59 IST" name="startDockerGrid" finished-at="2023-02-23T05:28:14 IST" duration-ms="15052" status="PASS">
          <reporter-output>
          </reporter-output>
        </test-method> <!-- startDockerGrid -->
        <test-method signature="stopDockerGrid()[pri:2, instance:docker.Setup_DockerGrid@2abf4075]" started-at="2023-02-23T05:28:14 IST" name="stopDockerGrid" finished-at="2023-02-23T05:28:19 IST" duration-ms="5027" status="PASS">
          <reporter-output>
          </reporter-output>
        </test-method> <!-- stopDockerGrid -->
      </class> <!-- docker.Setup_DockerGrid -->
    </test> <!-- Default test -->
  </suite> <!-- Default suite -->
</testng-results>
